[INFO] 2026-02-17 10:00:01 ========================================
[INFO] 2026-02-17 10:00:01 阶段一：AI搜索最新技术资讯
[INFO] 2026-02-17 10:00:01 ========================================
[INFO] 2026-02-17 10:00:01 当前日期: 2026年02月17日
[INFO] 2026-02-17 10:00:01 使用多源实时API：ArXiv + Hacker News + MIT Tech Review + GitHub
[INFO] 2026-02-17 10:00:01 正在从权威来源获取实时AI资讯...
[SUCCESS] 2026-02-17 10:00:06 实时AI资讯获取完成 (6544 bytes)
[INFO] 2026-02-17 10:00:06 包含来源：ArXiv论文、Hacker News讨论、MIT Tech Review文章、GitHub趋势
[INFO] 2026-02-17 10:00:06 ========================================
[INFO] 2026-02-17 10:00:06 阶段二：AI深度分析
[INFO] 2026-02-17 10:00:06 ========================================
[INFO] 2026-02-17 10:00:06 正在分析AI技术趋势...
[SUCCESS] 2026-02-17 10:01:04 AI分析完成
[INFO] 2026-02-17 10:01:04 ========================================
[INFO] 2026-02-17 10:01:04 阶段三：生成示范代码
[INFO] 2026-02-17 10:01:04 ========================================
[INFO] 2026-02-17 10:01:04 正在生成代码，类别: computer_vision...
[WARNING] 2026-02-17 10:03:04 使用备用示例
[INFO] 2026-02-17 10:03:04 ========================================
[INFO] 2026-02-17 10:03:04 阶段四：生成技术报告
[INFO] 2026-02-17 10:03:04 ========================================
[SUCCESS] 2026-02-17 10:03:04 报告生成完成: /home/moss/workspace/AI-Maintained-Repository/ai_tech_report/reports/ai_tech_report_20260217.md
[INFO] 2026-02-17 10:03:04 ========================================
[INFO] 2026-02-17 10:03:04 阶段五：提交到GitHub
[INFO] 2026-02-17 10:03:04 ========================================
[INFO] 2026-02-17 10:03:04 发现更改
