[INFO] 2026-02-14 10:00:01 ========================================
[INFO] 2026-02-14 10:00:01 阶段一：AI搜索最新技术资讯
[INFO] 2026-02-14 10:00:01 ========================================
[INFO] 2026-02-14 10:00:01 当前日期: 2026年02月14日
[INFO] 2026-02-14 10:00:01 使用多源实时API：ArXiv + Hacker News + MIT Tech Review + GitHub
[INFO] 2026-02-14 10:00:01 正在从权威来源获取实时AI资讯...
[SUCCESS] 2026-02-14 10:01:04 实时AI资讯获取完成 (4163 bytes)
[INFO] 2026-02-14 10:01:04 包含来源：ArXiv论文、Hacker News讨论、MIT Tech Review文章、GitHub趋势
[INFO] 2026-02-14 10:01:04 ========================================
[INFO] 2026-02-14 10:01:04 阶段二：AI深度分析
[INFO] 2026-02-14 10:01:04 ========================================
[INFO] 2026-02-14 10:01:04 正在分析AI技术趋势...
[SUCCESS] 2026-02-14 10:01:04 AI分析完成
[INFO] 2026-02-14 10:01:05 ========================================
[INFO] 2026-02-14 10:01:05 阶段三：生成示范代码
[INFO] 2026-02-14 10:01:05 ========================================
[INFO] 2026-02-14 10:01:05 正在生成代码，类别: computer_vision...
[WARNING] 2026-02-14 10:01:05 使用备用示例
[INFO] 2026-02-14 10:01:05 ========================================
[INFO] 2026-02-14 10:01:05 阶段四：生成技术报告
[INFO] 2026-02-14 10:01:05 ========================================
[SUCCESS] 2026-02-14 10:01:05 报告生成完成: /home/moss/workspace/AI-Maintained-Repository/ai_tech_report/reports/ai_tech_report_20260214.md
[INFO] 2026-02-14 10:01:05 ========================================
[INFO] 2026-02-14 10:01:05 阶段五：提交到GitHub
[INFO] 2026-02-14 10:01:05 ========================================
[INFO] 2026-02-14 10:01:05 发现更改
[SUCCESS] 2026-02-14 10:01:05 已提交: AI技术报告 - 2026年02月14日 - 新技术资讯与代码示例
[SUCCESS] 2026-02-14 10:01:06 已推送到GitHub
[SUCCESS] 2026-02-14 10:01:06 所有任务完成！
