[INFO] 2026-02-13 14:00:22 ========================================
[INFO] 2026-02-13 14:00:22 阶段一：AI搜索最新技术资讯
[INFO] 2026-02-13 14:00:22 ========================================
[INFO] 2026-02-13 14:00:22 当前日期: 2026年02月13日
[INFO] 2026-02-13 14:00:22 使用多源实时API：ArXiv + Hacker News + MIT Tech Review + GitHub
[INFO] 2026-02-13 14:00:22 正在从权威来源获取实时AI资讯...
[SUCCESS] 2026-02-13 14:00:24 实时AI资讯获取完成 (6099 bytes)
[INFO] 2026-02-13 14:00:24 包含来源：ArXiv论文、Hacker News讨论、MIT Tech Review文章、GitHub趋势
[INFO] 2026-02-13 14:00:24 ========================================
[INFO] 2026-02-13 14:00:24 阶段二：AI深度分析
[INFO] 2026-02-13 14:00:24 ========================================
[INFO] 2026-02-13 14:00:24 正在分析AI技术趋势...
[SUCCESS] 2026-02-13 14:02:24 AI分析完成
[INFO] 2026-02-13 14:02:24 ========================================
[INFO] 2026-02-13 14:02:24 阶段三：生成示范代码
[INFO] 2026-02-13 14:02:25 ========================================
[INFO] 2026-02-13 14:02:25 正在生成代码，类别: computer_vision...
[SUCCESS] 2026-02-13 14:03:38 代码生成完成
[INFO] 2026-02-13 14:03:38 ========================================
[INFO] 2026-02-13 14:03:38 阶段四：生成技术报告
[INFO] 2026-02-13 14:03:38 ========================================
[SUCCESS] 2026-02-13 14:03:38 报告生成完成: /home/moss/workspace/AI-Maintained-Repository/ai_tech_report/reports/ai_tech_report_20260213.md
[INFO] 2026-02-13 14:03:38 ========================================
[INFO] 2026-02-13 14:03:38 阶段五：提交到GitHub
[INFO] 2026-02-13 14:03:38 ========================================
[INFO] 2026-02-13 14:03:38 发现更改
