[INFO] 2026-02-13 14:10:34 ========================================
[INFO] 2026-02-13 14:10:34 阶段一：AI搜索最新技术资讯
[INFO] 2026-02-13 14:10:34 ========================================
[INFO] 2026-02-13 14:10:34 当前日期: 2026年02月13日
[INFO] 2026-02-13 14:10:34 使用多源实时API：ArXiv + Hacker News + MIT Tech Review + GitHub
[INFO] 2026-02-13 14:10:34 正在从权威来源获取实时AI资讯...
[SUCCESS] 2026-02-13 14:10:36 实时AI资讯获取完成 (6076 bytes)
[INFO] 2026-02-13 14:10:36 包含来源：ArXiv论文、Hacker News讨论、MIT Tech Review文章、GitHub趋势
[INFO] 2026-02-13 14:10:36 ========================================
[INFO] 2026-02-13 14:10:36 阶段二：AI深度分析
[INFO] 2026-02-13 14:10:36 ========================================
[INFO] 2026-02-13 14:10:36 正在分析AI技术趋势...
[SUCCESS] 2026-02-13 14:12:56 AI分析完成
[INFO] 2026-02-13 14:12:56 ========================================
[INFO] 2026-02-13 14:12:56 阶段三：生成示范代码
[INFO] 2026-02-13 14:12:56 ========================================
[INFO] 2026-02-13 14:12:56 正在生成代码，类别: computer_vision...
[WARNING] 2026-02-13 14:14:26 使用备用示例
[INFO] 2026-02-13 14:14:26 ========================================
[INFO] 2026-02-13 14:14:26 阶段四：生成技术报告
[INFO] 2026-02-13 14:14:26 ========================================
[SUCCESS] 2026-02-13 14:14:26 报告生成完成: /home/moss/workspace/AI-Maintained-Repository/ai_tech_report/reports/ai_tech_report_20260213.md
[INFO] 2026-02-13 14:14:26 ========================================
[INFO] 2026-02-13 14:14:26 阶段五：提交到GitHub
[INFO] 2026-02-13 14:14:26 ========================================
[INFO] 2026-02-13 14:14:26 发现更改
[SUCCESS] 2026-02-13 14:14:26 已提交: AI技术报告 - 2026年02月13日 - 新技术资讯与代码示例
[SUCCESS] 2026-02-13 14:14:28 已推送到GitHub
[SUCCESS] 2026-02-13 14:14:28 所有任务完成！
