
========================================
AI技术报告自动生成系统
========================================

[INFO] 2026-02-14 10:00:01 ========================================
[INFO] 2026-02-14 10:00:01 阶段一：AI搜索最新技术资讯
[INFO] 2026-02-14 10:00:01 ========================================
[INFO] 2026-02-14 10:00:01 当前日期: 2026年02月14日
[INFO] 2026-02-14 10:00:01 使用多源实时API：ArXiv + Hacker News + MIT Tech Review + GitHub
[INFO] 2026-02-14 10:00:01 正在从权威来源获取实时AI资讯...
[SUCCESS] 2026-02-14 10:01:04 实时AI资讯获取完成 (4163 bytes)
[INFO] 2026-02-14 10:01:04 包含来源：ArXiv论文、Hacker News讨论、MIT Tech Review文章、GitHub趋势
[INFO] 2026-02-14 10:01:04 ========================================
[INFO] 2026-02-14 10:01:04 阶段二：AI深度分析
[INFO] 2026-02-14 10:01:04 ========================================
[INFO] 2026-02-14 10:01:04 正在分析AI技术趋势...
[SUCCESS] 2026-02-14 10:01:04 AI分析完成
[INFO] 2026-02-14 10:01:05 ========================================
[INFO] 2026-02-14 10:01:05 阶段三：生成示范代码
[INFO] 2026-02-14 10:01:05 ========================================
[INFO] 2026-02-14 10:01:05 正在生成代码，类别: computer_vision...
[WARNING] 2026-02-14 10:01:05 使用备用示例
[INFO] 2026-02-14 10:01:05 ========================================
[INFO] 2026-02-14 10:01:05 阶段四：生成技术报告
[INFO] 2026-02-14 10:01:05 ========================================
[SUCCESS] 2026-02-14 10:01:05 报告生成完成: /home/moss/workspace/AI-Maintained-Repository/ai_tech_report/reports/ai_tech_report_20260214.md
[INFO] 2026-02-14 10:01:05 ========================================
[INFO] 2026-02-14 10:01:05 阶段五：提交到GitHub
[INFO] 2026-02-14 10:01:05 ========================================
[INFO] 2026-02-14 10:01:05 发现更改
[main 6830756] AI技术报告 - 2026年02月14日 - 新技术资讯与代码示例
 9 files changed, 446 insertions(+)
 create mode 100644 ai_tech_report/analysis/analysis_20260214_100001.txt
 create mode 100644 ai_tech_report/data/ai_news_20260214_100001.txt
 create mode 100644 ai_tech_report/data/ai_news_20260214_100104.txt
 create mode 100644 ai_tech_report/demo_code/computer_vision/demo_20260214.py
 create mode 100644 ai_tech_report/reports/ai_tech_report_20260214.md
 create mode 100644 logs/ai_tech_cron_output.log
 create mode 100644 logs/ai_tech_report_20260214_100001.log
[SUCCESS] 2026-02-14 10:01:05 已提交: AI技术报告 - 2026年02月14日 - 新技术资讯与代码示例
[SUCCESS] 2026-02-14 10:01:06 已推送到GitHub

========================================
完成！
========================================
日期: 2026年02月14日
时长: 65秒
报告: /home/moss/workspace/AI-Maintained-Repository/ai_tech_report/reports/ai_tech_report_20260214.md
代码: /home/moss/workspace/AI-Maintained-Repository/ai_tech_report/demo_code/computer_vision/demo_20260214.py
========================================
[SUCCESS] 2026-02-14 10:01:06 所有任务完成！

========================================
AI技术报告自动生成系统
========================================

[INFO] 2026-02-15 10:00:01 ========================================
[INFO] 2026-02-15 10:00:01 阶段一：AI搜索最新技术资讯
[INFO] 2026-02-15 10:00:01 ========================================
[INFO] 2026-02-15 10:00:01 当前日期: 2026年02月15日
[INFO] 2026-02-15 10:00:01 使用多源实时API：ArXiv + Hacker News + MIT Tech Review + GitHub
[INFO] 2026-02-15 10:00:01 正在从权威来源获取实时AI资讯...
[SUCCESS] 2026-02-15 10:00:06 实时AI资讯获取完成 (6347 bytes)
[INFO] 2026-02-15 10:00:06 包含来源：ArXiv论文、Hacker News讨论、MIT Tech Review文章、GitHub趋势
[INFO] 2026-02-15 10:00:06 ========================================
[INFO] 2026-02-15 10:00:06 阶段二：AI深度分析
[INFO] 2026-02-15 10:00:06 ========================================
[INFO] 2026-02-15 10:00:06 正在分析AI技术趋势...
[SUCCESS] 2026-02-15 10:02:09 AI分析完成
[INFO] 2026-02-15 10:02:09 ========================================
[INFO] 2026-02-15 10:02:09 阶段三：生成示范代码
[INFO] 2026-02-15 10:02:09 ========================================
[INFO] 2026-02-15 10:02:09 正在生成代码，类别: computer_vision...
[WARNING] 2026-02-15 10:04:09 使用备用示例
[INFO] 2026-02-15 10:04:09 ========================================
[INFO] 2026-02-15 10:04:09 阶段四：生成技术报告
[INFO] 2026-02-15 10:04:09 ========================================
[SUCCESS] 2026-02-15 10:04:09 报告生成完成: /home/moss/workspace/AI-Maintained-Repository/ai_tech_report/reports/ai_tech_report_20260215.md
[INFO] 2026-02-15 10:04:09 ========================================
[INFO] 2026-02-15 10:04:09 阶段五：提交到GitHub
[INFO] 2026-02-15 10:04:09 ========================================
[INFO] 2026-02-15 10:04:09 发现更改
[main 92b7c47] AI技术报告 - 2026年02月15日 - 新技术资讯与代码示例
 10 files changed, 1241 insertions(+)
 create mode 100644 ai_tech_report/analysis/analysis_20260215_100001.txt
 create mode 100644 ai_tech_report/data/ai_news_20260215_100001.txt
 create mode 100644 ai_tech_report/data/ai_news_20260215_100006.txt
 create mode 100644 ai_tech_report/demo_code/computer_vision/demo_20260215.py
 create mode 100644 ai_tech_report/reports/ai_tech_report_20260215.md
 create mode 100644 computer_vision_demo.py
 create mode 100644 logs/ai_tech_report_20260215_100001.log
[SUCCESS] 2026-02-15 10:04:09 已提交: AI技术报告 - 2026年02月15日 - 新技术资讯与代码示例
[SUCCESS] 2026-02-15 10:04:11 已推送到GitHub

========================================
完成！
========================================
日期: 2026年02月15日
时长: 250秒
报告: /home/moss/workspace/AI-Maintained-Repository/ai_tech_report/reports/ai_tech_report_20260215.md
代码: /home/moss/workspace/AI-Maintained-Repository/ai_tech_report/demo_code/computer_vision/demo_20260215.py
========================================
[SUCCESS] 2026-02-15 10:04:11 所有任务完成！

========================================
AI技术报告自动生成系统
========================================

[INFO] 2026-02-16 10:00:01 ========================================
[INFO] 2026-02-16 10:00:01 阶段一：AI搜索最新技术资讯
[INFO] 2026-02-16 10:00:01 ========================================
[INFO] 2026-02-16 10:00:01 当前日期: 2026年02月16日
[INFO] 2026-02-16 10:00:01 使用多源实时API：ArXiv + Hacker News + MIT Tech Review + GitHub
[INFO] 2026-02-16 10:00:01 正在从权威来源获取实时AI资讯...
[SUCCESS] 2026-02-16 10:00:09 实时AI资讯获取完成 (6490 bytes)
[INFO] 2026-02-16 10:00:09 包含来源：ArXiv论文、Hacker News讨论、MIT Tech Review文章、GitHub趋势
[INFO] 2026-02-16 10:00:09 ========================================
[INFO] 2026-02-16 10:00:09 阶段二：AI深度分析
[INFO] 2026-02-16 10:00:09 ========================================
[INFO] 2026-02-16 10:00:09 正在分析AI技术趋势...
[SUCCESS] 2026-02-16 10:01:48 AI分析完成
[INFO] 2026-02-16 10:01:48 ========================================
[INFO] 2026-02-16 10:01:48 阶段三：生成示范代码
[INFO] 2026-02-16 10:01:48 ========================================
[INFO] 2026-02-16 10:01:48 正在生成代码，类别: computer_vision...
[WARNING] 2026-02-16 10:03:48 使用备用示例
[INFO] 2026-02-16 10:03:48 ========================================
[INFO] 2026-02-16 10:03:48 阶段四：生成技术报告
[INFO] 2026-02-16 10:03:48 ========================================
[SUCCESS] 2026-02-16 10:03:48 报告生成完成: /home/moss/workspace/AI-Maintained-Repository/ai_tech_report/reports/ai_tech_report_20260216.md
[INFO] 2026-02-16 10:03:48 ========================================
[INFO] 2026-02-16 10:03:48 阶段五：提交到GitHub
[INFO] 2026-02-16 10:03:48 ========================================
[INFO] 2026-02-16 10:03:48 发现更改
[main 95c7661] AI技术报告 - 2026年02月16日 - 新技术资讯与代码示例
 10 files changed, 1430 insertions(+), 286 deletions(-)
 create mode 100644 ai_tech_report/analysis/analysis_20260216_100001.txt
 create mode 100644 ai_tech_report/data/ai_news_20260216_100001.txt
 create mode 100644 ai_tech_report/data/ai_news_20260216_100008.txt
 create mode 100644 ai_tech_report/demo_code/computer_vision/demo_20260216.py
 create mode 100644 ai_tech_report/reports/ai_tech_report_20260216.md
 create mode 100644 logs/ai_tech_report_20260216_100001.log
[SUCCESS] 2026-02-16 10:03:48 已提交: AI技术报告 - 2026年02月16日 - 新技术资讯与代码示例
[SUCCESS] 2026-02-16 10:03:50 已推送到GitHub

========================================
完成！
========================================
日期: 2026年02月16日
时长: 229秒
报告: /home/moss/workspace/AI-Maintained-Repository/ai_tech_report/reports/ai_tech_report_20260216.md
代码: /home/moss/workspace/AI-Maintained-Repository/ai_tech_report/demo_code/computer_vision/demo_20260216.py
========================================
[SUCCESS] 2026-02-16 10:03:50 所有任务完成！

========================================
AI技术报告自动生成系统
========================================

[INFO] 2026-02-17 10:00:01 ========================================
[INFO] 2026-02-17 10:00:01 阶段一：AI搜索最新技术资讯
[INFO] 2026-02-17 10:00:01 ========================================
[INFO] 2026-02-17 10:00:01 当前日期: 2026年02月17日
[INFO] 2026-02-17 10:00:01 使用多源实时API：ArXiv + Hacker News + MIT Tech Review + GitHub
[INFO] 2026-02-17 10:00:01 正在从权威来源获取实时AI资讯...
[SUCCESS] 2026-02-17 10:00:06 实时AI资讯获取完成 (6544 bytes)
[INFO] 2026-02-17 10:00:06 包含来源：ArXiv论文、Hacker News讨论、MIT Tech Review文章、GitHub趋势
[INFO] 2026-02-17 10:00:06 ========================================
[INFO] 2026-02-17 10:00:06 阶段二：AI深度分析
[INFO] 2026-02-17 10:00:06 ========================================
[INFO] 2026-02-17 10:00:06 正在分析AI技术趋势...
[SUCCESS] 2026-02-17 10:01:04 AI分析完成
[INFO] 2026-02-17 10:01:04 ========================================
[INFO] 2026-02-17 10:01:04 阶段三：生成示范代码
[INFO] 2026-02-17 10:01:04 ========================================
[INFO] 2026-02-17 10:01:04 正在生成代码，类别: computer_vision...
[WARNING] 2026-02-17 10:03:04 使用备用示例
[INFO] 2026-02-17 10:03:04 ========================================
[INFO] 2026-02-17 10:03:04 阶段四：生成技术报告
[INFO] 2026-02-17 10:03:04 ========================================
[SUCCESS] 2026-02-17 10:03:04 报告生成完成: /home/moss/workspace/AI-Maintained-Repository/ai_tech_report/reports/ai_tech_report_20260217.md
[INFO] 2026-02-17 10:03:04 ========================================
[INFO] 2026-02-17 10:03:04 阶段五：提交到GitHub
[INFO] 2026-02-17 10:03:04 ========================================
[INFO] 2026-02-17 10:03:04 发现更改
