2026-02-12 10:58:06 [INFO] 🚀 初始化每日金融分析报告系统
2026-02-12 10:58:06 [SUCCESS] 环境初始化完成
2026-02-12 10:58:06 [INFO] 📊 阶段一：收集金融市场数据
2026-02-12 10:58:06 [INFO] ========================================
2026-02-12 10:58:06 [INFO] 🥇 收集黄金市场数据 (XAU/USD)...
2026-02-12 10:58:06 [INFO] 🇺🇸 收集美股市场数据 (道琼斯/纳斯达克/标普500)...
2026-02-12 10:58:06 [INFO] 🇨🇳 收集A股市场数据 (上证/深证/创业板)...
2026-02-12 10:58:07 [SUCCESS] 数据收集完成: /home/moss/workspace/AI-Maintained-Repository/financial_report/data/market_data_20260212_105806.json
2026-02-12 10:58:07 [INFO] 黄金数据: 2050.0
2026-02-12 10:58:07 [INFO] 美股数据: 已收集
2026-02-12 10:58:07 [INFO] A股数据: 已收集
2026-02-12 10:58:07 [INFO] 🧠 阶段二：调用AI进行市场分析
2026-02-12 10:58:07 [INFO] ========================================
2026-02-12 10:58:07 [INFO] 🤖 正在调用AI进行深度分析...
2026-02-12 10:58:24 [SUCCESS] AI分析完成: /home/moss/workspace/AI-Maintained-Repository/financial_report/analysis/ai_analysis_20260212_105824.txt
2026-02-12 10:58:24 [INFO] 📝 阶段三：生成分析报告
2026-02-12 10:58:24 [INFO] ========================================
2026-02-12 10:58:40 [INFO] 🚀 初始化每日金融分析报告系统
2026-02-12 10:58:40 [SUCCESS] 环境初始化完成
2026-02-12 10:58:40 [INFO] 📊 阶段一：收集金融市场数据
2026-02-12 10:58:40 [INFO] ========================================
2026-02-12 10:58:40 [INFO] 🥇 收集黄金市场数据 (XAU/USD)...
2026-02-12 10:58:40 [INFO] 🇺🇸 收集美股市场数据 (道琼斯/纳斯达克/标普500)...
2026-02-12 10:58:41 [INFO] 🇨🇳 收集A股市场数据 (上证/深证/创业板)...
2026-02-12 10:58:41 [SUCCESS] 数据收集完成: /home/moss/workspace/AI-Maintained-Repository/financial_report/data/market_data_20260212_105840.json
2026-02-12 10:58:41 [INFO] 黄金数据: 2050.0
2026-02-12 10:58:41 [INFO] 美股数据: 已收集
2026-02-12 10:58:41 [INFO] A股数据: 已收集
2026-02-12 10:58:41 [INFO] 🧠 阶段二：调用AI进行市场分析
2026-02-12 10:58:41 [INFO] ========================================
2026-02-12 10:58:41 [INFO] 🤖 正在调用AI进行深度分析...
2026-02-12 10:59:03 [SUCCESS] AI分析完成: /home/moss/workspace/AI-Maintained-Repository/financial_report/analysis/ai_analysis_20260212_105903.txt
2026-02-12 10:59:03 [INFO] 📝 阶段三：生成分析报告
2026-02-12 10:59:03 [INFO] ========================================
2026-02-12 10:59:04 [SUCCESS] 报告生成完成: /home/moss/workspace/AI-Maintained-Repository/financial_report/reports/financial_report_20260212.md
2026-02-12 10:59:04 [INFO] 📦 阶段四：提交到GitHub
2026-02-12 10:59:04 [INFO] ========================================
2026-02-12 10:59:04 [INFO] 发现需要提交的更改
2026-02-12 10:59:04 [INFO] 使用GitHub CLI推送更改...
2026-02-12 10:59:07 [SUCCESS] 已推送到GitHub
2026-02-12 10:59:07 [SUCCESS] GitHub提交完成
2026-02-12 10:59:07 [INFO] 📧 发送完成通知
2026-02-12 10:59:07 [SUCCESS] 🎉 所有任务完成！
2026-02-12 11:06:29 [INFO] 🚀 初始化每日金融分析报告系统
2026-02-12 11:06:29 [SUCCESS] 环境初始化完成
2026-02-12 11:06:29 [INFO] 📊 阶段一：收集金融市场数据
2026-02-12 11:06:29 [INFO] ========================================
2026-02-12 11:06:42 [SUCCESS] 数据收集完成: /home/moss/workspace/AI-Maintained-Repository/financial_report/data/market_data_20260212_110629.json
2026-02-12 11:06:42 [INFO] 🧠 阶段二：调用AI进行市场分析
2026-02-12 11:06:42 [INFO] ========================================
2026-02-12 11:08:17 [INFO] 🚀 初始化每日金融分析报告系统
2026-02-12 11:08:17 [SUCCESS] 环境初始化完成
2026-02-12 11:08:17 [INFO] 📊 阶段一：收集金融市场数据
2026-02-12 11:08:17 [INFO] ========================================
2026-02-12 11:08:30 [SUCCESS] 数据收集完成: /home/moss/workspace/AI-Maintained-Repository/financial_report/data/market_data_20260212_110817.json
2026-02-12 11:08:30 [INFO] 🧠 阶段二：调用AI进行市场分析
2026-02-12 11:08:30 [INFO] ========================================
2026-02-12 11:09:18 [INFO] 🚀 初始化每日金融分析报告系统
2026-02-12 11:09:18 [SUCCESS] 环境初始化完成
2026-02-12 11:09:18 [INFO] 📊 阶段一：收集金融市场数据
2026-02-12 11:09:18 [INFO] ========================================
2026-02-12 11:09:32 [SUCCESS] 数据收集完成: /home/moss/workspace/AI-Maintained-Repository/financial_report/data/market_data_20260212_110918.json
2026-02-12 11:09:32 [INFO] 🧠 阶段二：调用AI进行市场分析
2026-02-12 11:09:32 [INFO] ========================================
2026-02-12 11:09:32 [INFO] 🤖 正在调用AI进行深度分析...
2026-02-12 11:09:43 [SUCCESS] AI分析完成: /home/moss/workspace/AI-Maintained-Repository/financial_report/analysis/ai_analysis_20260212_110918.txt
2026-02-12 11:09:43 [INFO] 📝 阶段三：生成分析报告
2026-02-12 11:09:43 [INFO] ========================================
2026-02-12 11:09:44 [SUCCESS] 报告生成完成: /home/moss/workspace/AI-Maintained-Repository/financial_report/reports/financial_report_20260212.md
2026-02-12 11:09:44 [INFO] 📦 阶段四：提交到GitHub
2026-02-12 11:09:44 [INFO] ========================================
2026-02-12 11:09:44 [INFO] 发现需要提交的更改
2026-02-12 11:09:46 [SUCCESS] 已推送到GitHub
2026-02-12 11:09:46 [SUCCESS] GitHub提交完成
2026-02-12 11:09:46 [SUCCESS] 🎉 所有任务完成！
2026-02-12 11:11:15 [INFO] 🚀 初始化每日金融分析报告系统
2026-02-12 11:11:15 [SUCCESS] 环境初始化完成
2026-02-12 11:11:15 [INFO] 📊 阶段一：收集金融市场数据
2026-02-12 11:11:15 [INFO] ========================================
2026-02-12 11:11:29 [SUCCESS] 数据收集完成: /home/moss/workspace/AI-Maintained-Repository/financial_report/data/market_data_20260212_111115.json
2026-02-12 11:11:29 [INFO] 🧠 阶段二：调用AI进行市场分析
2026-02-12 11:11:29 [INFO] ========================================
2026-02-12 11:11:29 [INFO] 🤖 正在调用AI进行深度分析...
2026-02-12 11:12:24 [SUCCESS] AI分析完成: /home/moss/workspace/AI-Maintained-Repository/financial_report/analysis/ai_analysis_20260212_111115.txt
2026-02-12 11:12:24 [INFO] 📝 阶段三：生成分析报告
2026-02-12 11:12:24 [INFO] ========================================
2026-02-12 11:12:24 [SUCCESS] 报告生成完成: /home/moss/workspace/AI-Maintained-Repository/financial_report/reports/financial_report_20260212.md
2026-02-12 11:12:24 [INFO] 📦 阶段四：提交到GitHub
2026-02-12 11:12:24 [INFO] ========================================
2026-02-12 11:12:24 [INFO] 发现需要提交的更改
2026-02-12 11:12:26 [SUCCESS] 已推送到GitHub
2026-02-12 11:12:26 [SUCCESS] GitHub提交完成
2026-02-12 11:12:26 [SUCCESS] 🎉 所有任务完成！
2026-02-12 11:15:05 [INFO] 🚀 初始化每日金融分析报告系统
2026-02-12 11:15:05 [SUCCESS] 环境初始化完成
2026-02-12 11:15:05 [INFO] 📊 阶段一：收集金融市场数据
2026-02-12 11:15:05 [INFO] ========================================
2026-02-12 11:15:18 [SUCCESS] 数据收集完成: /home/moss/workspace/AI-Maintained-Repository/financial_report/data/market_data_20260212_111505.json
2026-02-12 11:15:18 [INFO] 🧠 阶段二：调用AI进行市场分析
2026-02-12 11:15:18 [INFO] ========================================
2026-02-12 11:15:18 [INFO] 🤖 正在调用AI进行深度分析...
2026-02-12 11:16:27 [SUCCESS] AI分析完成: /home/moss/workspace/AI-Maintained-Repository/financial_report/analysis/ai_analysis_20260212_111505.txt
2026-02-12 11:16:27 [INFO] 📝 阶段三：生成分析报告
2026-02-12 11:16:27 [INFO] ========================================
2026-02-12 11:16:27 [SUCCESS] 报告生成完成: /home/moss/workspace/AI-Maintained-Repository/financial_report/reports/financial_report_20260212.md
2026-02-12 11:16:27 [INFO] 📦 阶段四：提交到GitHub
2026-02-12 11:16:27 [INFO] ========================================
2026-02-12 11:16:27 [INFO] 发现需要提交的更改
2026-02-12 11:16:28 [SUCCESS] 已推送到GitHub
2026-02-12 11:16:28 [SUCCESS] GitHub提交完成
2026-02-12 11:16:28 [SUCCESS] 🎉 所有任务完成！
2026-02-12 11:24:43 [INFO] 📰 阶段一：AI搜索最新地缘和金融新闻
2026-02-12 11:24:43 [INFO] ========================================
2026-02-12 11:24:43 [INFO] 🔍 正在搜索24小时内重要新闻...
2026-02-12 11:24:57 [SUCCESS] 新闻搜索完成: /home/moss/workspace/AI-Maintained-Repository/financial_report/data/news_20260212_112443.txt
2026-02-12 11:24:57 [INFO] 📋 新闻预览（前5条）：
2026-02-12 11:24:57 [INFO] 🧠 阶段二：AI深度分析市场影响
2026-02-12 11:24:57 [INFO] ========================================
2026-02-12 11:24:57 [INFO] 📊 正在分析新闻对黄金、美股、A股的影响...
2026-02-12 11:27:57 [SUCCESS] AI分析完成: /home/moss/workspace/AI-Maintained-Repository/financial_report/analysis/analysis_20260212_112457.txt
2026-02-12 11:27:57 [INFO] 📝 阶段三：生成金融分析报告
2026-02-12 11:27:57 [INFO] ========================================
2026-02-12 11:27:57 [SUCCESS] 报告生成完成: /home/moss/workspace/AI-Maintained-Repository/financial_report/reports/financial_report_20260212.md
2026-02-12 11:27:57 [INFO] 📦 阶段四：提交到GitHub
2026-02-12 11:27:57 [INFO] ========================================
2026-02-12 11:27:57 [INFO] 发现需要提交的更改
